  MFCApplication1_0605projectView.cpp
c:\opencv\build\include\opencv2\core\mat.hpp(1965): warning C4819: 현재 코드 페이지(949)에서 표시할 수 없는 문자가 파일에 들어 있습니다. 데이터가 손실되지 않게 하려면 해당 파일을 유니코드 형식으로 저장하십시오.
c:\opencv\build\include\opencv2\core\persistence.hpp : warning C4819: 현재 코드 페이지(949)에서 표시할 수 없는 문자가 파일에 들어 있습니다. 데이터가 손실되지 않게 하려면 해당 파일을 유니코드 형식으로 저장하십시오.
c:\opencv\build\include\opencv2\core\utility.hpp : warning C4819: 현재 코드 페이지(949)에서 표시할 수 없는 문자가 파일에 들어 있습니다. 데이터가 손실되지 않게 하려면 해당 파일을 유니코드 형식으로 저장하십시오.
c:\opencv\build\include\opencv2\core\utility.hpp : warning C4819: 현재 코드 페이지(949)에서 표시할 수 없는 문자가 파일에 들어 있습니다. 데이터가 손실되지 않게 하려면 해당 파일을 유니코드 형식으로 저장하십시오.
c:\users\daseul\documents\visual studio 2015\projects\mfcapplication1_0605project\mfcapplication1_0605project\mfcapplication1_0605projectview.cpp(255): warning C4018: '<': signed 또는 unsigned가 일치하지 않습니다.
c:\users\daseul\documents\visual studio 2015\projects\mfcapplication1_0605project\mfcapplication1_0605project\mfcapplication1_0605projectview.cpp(310): warning C4018: '<': signed 또는 unsigned가 일치하지 않습니다.
c:\users\daseul\documents\visual studio 2015\projects\mfcapplication1_0605project\mfcapplication1_0605project\mfcapplication1_0605projectview.cpp(681): warning C4018: '<': signed 또는 unsigned가 일치하지 않습니다.
c:\users\daseul\documents\visual studio 2015\projects\mfcapplication1_0605project\mfcapplication1_0605project\mfcapplication1_0605projectview.cpp(712): warning C4018: '<': signed 또는 unsigned가 일치하지 않습니다.
c:\users\daseul\documents\visual studio 2015\projects\mfcapplication1_0605project\mfcapplication1_0605project\mfcapplication1_0605projectview.cpp(928): warning C4018: '<': signed 또는 unsigned가 일치하지 않습니다.
c:\users\daseul\documents\visual studio 2015\projects\mfcapplication1_0605project\mfcapplication1_0605project\mfcapplication1_0605projectview.cpp(957): warning C4018: '<': signed 또는 unsigned가 일치하지 않습니다.
c:\users\daseul\documents\visual studio 2015\projects\mfcapplication1_0605project\mfcapplication1_0605project\mfcapplication1_0605projectview.cpp(987): warning C4018: '<': signed 또는 unsigned가 일치하지 않습니다.
c:\users\daseul\documents\visual studio 2015\projects\mfcapplication1_0605project\mfcapplication1_0605project\mfcapplication1_0605projectview.cpp(1216): warning C4244: '=': 'float'에서 'uchar'(으)로 변환하면서 데이터가 손실될 수 있습니다.
c:\users\daseul\documents\visual studio 2015\projects\mfcapplication1_0605project\mfcapplication1_0605project\mfcapplication1_0605projectview.cpp(1297): warning C4244: '초기화 중': 'double'에서 'int'(으)로 변환하면서 데이터가 손실될 수 있습니다.
c:\users\daseul\documents\visual studio 2015\projects\mfcapplication1_0605project\mfcapplication1_0605project\mfcapplication1_0605projectview.cpp(1298): warning C4244: '초기화 중': 'double'에서 'int'(으)로 변환하면서 데이터가 손실될 수 있습니다.
c:\users\daseul\documents\visual studio 2015\projects\mfcapplication1_0605project\mfcapplication1_0605project\mfcapplication1_0605projectview.cpp(1363): warning C4244: '초기화 중': 'double'에서 'float'(으)로 변환하면서 데이터가 손실될 수 있습니다.
c:\users\daseul\documents\visual studio 2015\projects\mfcapplication1_0605project\mfcapplication1_0605project\mfcapplication1_0605projectview.cpp(1364): warning C4244: '초기화 중': 'double'에서 'float'(으)로 변환하면서 데이터가 손실될 수 있습니다.
c:\users\daseul\documents\visual studio 2015\projects\mfcapplication1_0605project\mfcapplication1_0605project\mfcapplication1_0605projectview.cpp(1365): warning C4244: '초기화 중': 'double'에서 'float'(으)로 변환하면서 데이터가 손실될 수 있습니다.
c:\users\daseul\documents\visual studio 2015\projects\mfcapplication1_0605project\mfcapplication1_0605project\mfcapplication1_0605projectview.cpp(1367): warning C4244: '=': 'double'에서 'float'(으)로 변환하면서 데이터가 손실될 수 있습니다.
c:\users\daseul\documents\visual studio 2015\projects\mfcapplication1_0605project\mfcapplication1_0605project\mfcapplication1_0605projectview.cpp(1379): warning C4244: '=': 'double'에서 'float'(으)로 변환하면서 데이터가 손실될 수 있습니다.
c:\users\daseul\documents\visual studio 2015\projects\mfcapplication1_0605project\mfcapplication1_0605project\mfcapplication1_0605projectview.cpp(1380): warning C4244: '=': 'double'에서 'float'(으)로 변환하면서 데이터가 손실될 수 있습니다.
c:\users\daseul\documents\visual studio 2015\projects\mfcapplication1_0605project\mfcapplication1_0605project\mfcapplication1_0605projectview.cpp(1381): warning C4305: '*=': 'double'에서 'float'(으)로 잘립니다.
c:\users\daseul\documents\visual studio 2015\projects\mfcapplication1_0605project\mfcapplication1_0605project\mfcapplication1_0605projectview.cpp(1404): warning C4244: '초기화 중': 'double'에서 'float'(으)로 변환하면서 데이터가 손실될 수 있습니다.
c:\users\daseul\documents\visual studio 2015\projects\mfcapplication1_0605project\mfcapplication1_0605project\mfcapplication1_0605projectview.cpp(1425): warning C4244: '초기화 중': 'double'에서 'float'(으)로 변환하면서 데이터가 손실될 수 있습니다.
c:\users\daseul\documents\visual studio 2015\projects\mfcapplication1_0605project\mfcapplication1_0605project\mfcapplication1_0605projectview.cpp(1426): warning C4244: '초기화 중': 'double'에서 'float'(으)로 변환하면서 데이터가 손실될 수 있습니다.
c:\users\daseul\documents\visual studio 2015\projects\mfcapplication1_0605project\mfcapplication1_0605project\mfcapplication1_0605projectview.cpp(1427): warning C4244: '=': 'double'에서 'float'(으)로 변환하면서 데이터가 손실될 수 있습니다.
c:\users\daseul\documents\visual studio 2015\projects\mfcapplication1_0605project\mfcapplication1_0605project\mfcapplication1_0605projectview.cpp(1428): warning C4244: '=': 'double'에서 'float'(으)로 변환하면서 데이터가 손실될 수 있습니다.
c:\users\daseul\documents\visual studio 2015\projects\mfcapplication1_0605project\mfcapplication1_0605project\mfcapplication1_0605projectview.cpp(1433): warning C4244: '초기화 중': 'double'에서 'float'(으)로 변환하면서 데이터가 손실될 수 있습니다.
c:\users\daseul\documents\visual studio 2015\projects\mfcapplication1_0605project\mfcapplication1_0605project\mfcapplication1_0605projectview.cpp(1434): warning C4244: '초기화 중': 'double'에서 'float'(으)로 변환하면서 데이터가 손실될 수 있습니다.
c:\users\daseul\documents\visual studio 2015\projects\mfcapplication1_0605project\mfcapplication1_0605project\mfcapplication1_0605projectview.cpp(1435): warning C4244: '=': 'double'에서 'float'(으)로 변환하면서 데이터가 손실될 수 있습니다.
c:\users\daseul\documents\visual studio 2015\projects\mfcapplication1_0605project\mfcapplication1_0605project\mfcapplication1_0605projectview.cpp(1436): warning C4244: '=': 'double'에서 'float'(으)로 변환하면서 데이터가 손실될 수 있습니다.
c:\users\daseul\documents\visual studio 2015\projects\mfcapplication1_0605project\mfcapplication1_0605project\mfcapplication1_0605projectview.cpp(1441): warning C4244: '초기화 중': 'double'에서 'float'(으)로 변환하면서 데이터가 손실될 수 있습니다.
c:\users\daseul\documents\visual studio 2015\projects\mfcapplication1_0605project\mfcapplication1_0605project\mfcapplication1_0605projectview.cpp(1442): warning C4244: '초기화 중': 'double'에서 'float'(으)로 변환하면서 데이터가 손실될 수 있습니다.
c:\users\daseul\documents\visual studio 2015\projects\mfcapplication1_0605project\mfcapplication1_0605project\mfcapplication1_0605projectview.cpp(1443): warning C4244: '=': 'double'에서 'float'(으)로 변환하면서 데이터가 손실될 수 있습니다.
c:\users\daseul\documents\visual studio 2015\projects\mfcapplication1_0605project\mfcapplication1_0605project\mfcapplication1_0605projectview.cpp(1444): warning C4244: '=': 'double'에서 'float'(으)로 변환하면서 데이터가 손실될 수 있습니다.
c:\users\daseul\documents\visual studio 2015\projects\mfcapplication1_0605project\mfcapplication1_0605project\mfcapplication1_0605projectview.cpp(1447): warning C4244: '=': 'double'에서 'BYTE'(으)로 변환하면서 데이터가 손실될 수 있습니다.
c:\users\daseul\documents\visual studio 2015\projects\mfcapplication1_0605project\mfcapplication1_0605project\mfcapplication1_0605projectview.cpp(1448): warning C4244: '=': 'double'에서 'BYTE'(으)로 변환하면서 데이터가 손실될 수 있습니다.
c:\users\daseul\documents\visual studio 2015\projects\mfcapplication1_0605project\mfcapplication1_0605project\mfcapplication1_0605projectview.cpp(1449): warning C4244: '=': 'double'에서 'BYTE'(으)로 변환하면서 데이터가 손실될 수 있습니다.
c:\users\daseul\documents\visual studio 2015\projects\mfcapplication1_0605project\mfcapplication1_0605project\mfcapplication1_0605projectview.cpp(1670): warning C4244: '초기화 중': 'double'에서 'int'(으)로 변환하면서 데이터가 손실될 수 있습니다.
c:\users\daseul\documents\visual studio 2015\projects\mfcapplication1_0605project\mfcapplication1_0605project\mfcapplication1_0605projectview.cpp(1671): warning C4244: '초기화 중': 'double'에서 'int'(으)로 변환하면서 데이터가 손실될 수 있습니다.
  MFCApplication1_0605project.vcxproj -> C:\Users\daseul\documents\visual studio 2015\Projects\MFCApplication1_0605project\Debug\MFCApplication1_0605project.exe
  MFCApplication1_0605project.vcxproj -> C:\Users\daseul\documents\visual studio 2015\Projects\MFCApplication1_0605project\Debug\MFCApplication1_0605project.pdb (Partial PDB)
